2023-08-14 12:59:13 INFO  BackOffice:51 - Starting BackOffice for Admin
2023-08-14 12:59:13 INFO  BackOffice:51 - Starting BackOffice for Admin
2023-08-14 12:59:13 INFO  BackOffice:23 - BackOffice initialized for employee: 0
2023-08-14 12:59:13 INFO  BackOffice:23 - BackOffice initialized for employee: 0
2023-08-14 12:59:13 INFO  LogUtil:13 - Admin logged in
2023-08-14 12:59:22 INFO  BackOffice:1303 - Starting menuViewCustomer method.
2023-08-14 12:59:22 INFO  BackOffice:1303 - Starting menuViewCustomer method.
2023-08-14 12:59:27 INFO  BackOffice:1345 - User chose to view customers organized by registration date.
2023-08-14 12:59:27 INFO  BackOffice:1345 - User chose to view customers organized by registration date.
2023-08-14 12:59:27 INFO  BackOffice:1489 - Starting viewCustomerByRegistrationDate method.
2023-08-14 12:59:27 INFO  BackOffice:1489 - Starting viewCustomerByRegistrationDate method.
2023-08-14 12:59:29 INFO  BackOffice:1670 - Getting integer input...
2023-08-14 12:59:29 INFO  BackOffice:1670 - Getting integer input...
2023-08-14 12:59:30 INFO  BackOffice:1684 - Integer input obtained: 10
2023-08-14 12:59:30 INFO  BackOffice:1684 - Integer input obtained: 10
2023-08-14 12:59:30 INFO  BackOffice:1670 - Getting integer input...
2023-08-14 12:59:30 INFO  BackOffice:1670 - Getting integer input...
2023-08-14 12:59:33 INFO  BackOffice:1684 - Integer input obtained: 1
2023-08-14 12:59:33 INFO  BackOffice:1684 - Integer input obtained: 1
2023-08-14 12:59:33 INFO  BackOffice:1627 - Displaying list...
2023-08-14 12:59:33 INFO  BackOffice:1627 - Displaying list...
2023-08-14 12:59:38 INFO  BackOffice:1518 - Exiting viewCustomerByRegistrationDate method.
2023-08-14 12:59:38 INFO  BackOffice:1518 - Exiting viewCustomerByRegistrationDate method.
2023-08-14 12:59:41 INFO  BackOffice:1365 - User chose to exit. Going back to view menu...
2023-08-14 12:59:41 INFO  BackOffice:1365 - User chose to exit. Going back to view menu...
2023-08-14 13:03:22 INFO  BackOffice:51 - Starting BackOffice for Admin
2023-08-14 13:03:22 INFO  BackOffice:51 - Starting BackOffice for Admin
2023-08-14 13:03:22 INFO  BackOffice:23 - BackOffice initialized for employee: 0
2023-08-14 13:03:22 INFO  BackOffice:23 - BackOffice initialized for employee: 0
2023-08-14 13:03:22 INFO  LogUtil:13 - Admin logged in
2023-08-15 21:57:10 INFO  BackOffice:51 - Starting BackOffice for Admin
2023-08-15 21:57:10 INFO  BackOffice:51 - Starting BackOffice for Admin
2023-08-15 21:57:10 INFO  BackOffice:23 - BackOffice initialized for employee: 0
2023-08-15 21:57:10 INFO  BackOffice:23 - BackOffice initialized for employee: 0
2023-08-15 21:57:10 INFO  LogUtil:13 - Admin logged in
2023-08-15 21:57:20 INFO  BackOffice:1360 - Starting menuViewCustomer method.
2023-08-15 21:57:20 INFO  BackOffice:1360 - Starting menuViewCustomer method.
2023-08-15 21:58:47 INFO  BackOffice:51 - Starting BackOffice for Admin
2023-08-15 21:58:47 INFO  BackOffice:51 - Starting BackOffice for Admin
2023-08-15 21:58:47 INFO  BackOffice:23 - BackOffice initialized for employee: 0
2023-08-15 21:58:47 INFO  BackOffice:23 - BackOffice initialized for employee: 0
2023-08-15 21:58:47 INFO  LogUtil:13 - Admin logged in
2023-08-15 21:58:54 INFO  BackOffice:1360 - Starting menuViewCustomer method.
2023-08-15 21:58:54 INFO  BackOffice:1360 - Starting menuViewCustomer method.
2023-08-15 21:59:30 INFO  BackOffice:51 - Starting BackOffice for Admin
2023-08-15 21:59:30 INFO  BackOffice:51 - Starting BackOffice for Admin
2023-08-15 21:59:30 INFO  BackOffice:23 - BackOffice initialized for employee: 0
2023-08-15 21:59:30 INFO  BackOffice:23 - BackOffice initialized for employee: 0
2023-08-15 21:59:30 INFO  LogUtil:13 - Admin logged in
2023-08-15 21:59:35 INFO  BackOffice:1360 - Starting menuViewCustomer method.
2023-08-15 21:59:35 INFO  BackOffice:1360 - Starting menuViewCustomer method.
2023-08-15 22:12:23 INFO  BackOffice:52 - Starting BackOffice for Admin
2023-08-15 22:12:23 INFO  BackOffice:52 - Starting BackOffice for Admin
2023-08-15 22:12:23 INFO  BackOffice:24 - BackOffice initialized for employee: 0
2023-08-15 22:12:23 INFO  BackOffice:24 - BackOffice initialized for employee: 0
2023-08-15 22:12:23 INFO  LogUtil:13 - Admin logged in
2023-08-15 22:12:28 INFO  BackOffice:291 - Starting insertCustomer method.
2023-08-15 22:12:28 INFO  BackOffice:291 - Starting insertCustomer method.
2023-08-15 22:13:21 INFO  BackOffice:1755 - Getting integer input...
2023-08-15 22:13:21 INFO  BackOffice:1755 - Getting integer input...
2023-08-15 22:13:22 INFO  BackOffice:1769 - Integer input obtained: 1
2023-08-15 22:13:22 INFO  BackOffice:1769 - Integer input obtained: 1
2023-08-15 22:16:02 INFO  BackOffice:325 - Employee insertion completed.
2023-08-15 22:16:02 INFO  BackOffice:325 - Employee insertion completed.
2023-08-16 13:23:53 INFO  BackOffice:57 - Starting BackOffice for Admin
2023-08-16 13:23:53 INFO  BackOffice:57 - Starting BackOffice for Admin
2023-08-16 13:23:53 INFO  BackOffice:29 - BackOffice initialized for employee: 0
2023-08-16 13:23:53 INFO  BackOffice:29 - BackOffice initialized for employee: 0
2023-08-16 13:23:53 INFO  LogUtil:13 - Admin logged in
2023-08-16 13:24:02 INFO  BackOffice:1416 - Starting menuViewCustomer method.
2023-08-16 13:24:02 INFO  BackOffice:1416 - Starting menuViewCustomer method.
2023-08-16 13:26:02 INFO  BackOffice:1478 - User chose to exit. Going back to view menu...
2023-08-16 13:26:02 INFO  BackOffice:1478 - User chose to exit. Going back to view menu...
2023-08-16 13:30:54 INFO  BackOffice:57 - Starting BackOffice for Admin
2023-08-16 13:30:54 INFO  BackOffice:57 - Starting BackOffice for Admin
2023-08-16 13:30:54 INFO  BackOffice:29 - BackOffice initialized for employee: 0
2023-08-16 13:30:54 INFO  BackOffice:29 - BackOffice initialized for employee: 0
2023-08-16 13:30:54 INFO  LogUtil:13 - Admin logged in
2023-08-16 13:31:03 INFO  BackOffice:298 - Starting insertCustomer method.
2023-08-16 13:31:03 INFO  BackOffice:298 - Starting insertCustomer method.
2023-08-16 13:31:24 ERROR BackOffice:122 - Invalid date input: 2020-1-1
java.time.format.DateTimeParseException: Text '2020-1-1' could not be parsed at index 5
	at java.base/java.time.format.DateTimeFormatter.parseResolved0(DateTimeFormatter.java:2052)
	at java.base/java.time.format.DateTimeFormatter.parse(DateTimeFormatter.java:1954)
	at java.base/java.time.LocalDate.parse(LocalDate.java:430)
	at employeeacess.BackOffice.getBirthDate(BackOffice.java:112)
	at employeeacess.BackOffice.insertCustomer(BackOffice.java:313)
	at employeeacess.BackOfficeAdmin.insertMenu(BackOfficeAdmin.java:196)
	at employeeacess.BackOfficeAdmin.start(BackOfficeAdmin.java:40)
	at employeeacess.BackOfficeAdmin.<init>(BackOfficeAdmin.java:16)
	at employeeacess.BackOffice.startBackOffice(BackOffice.java:58)
	at MainConnection.main(MainConnection.java:33)
2023-08-16 13:31:24 ERROR BackOffice:122 - Invalid date input: 2020-1-1
java.time.format.DateTimeParseException: Text '2020-1-1' could not be parsed at index 5
	at java.base/java.time.format.DateTimeFormatter.parseResolved0(DateTimeFormatter.java:2052)
	at java.base/java.time.format.DateTimeFormatter.parse(DateTimeFormatter.java:1954)
	at java.base/java.time.LocalDate.parse(LocalDate.java:430)
	at employeeacess.BackOffice.getBirthDate(BackOffice.java:112)
	at employeeacess.BackOffice.insertCustomer(BackOffice.java:313)
	at employeeacess.BackOfficeAdmin.insertMenu(BackOfficeAdmin.java:196)
	at employeeacess.BackOfficeAdmin.start(BackOfficeAdmin.java:40)
	at employeeacess.BackOfficeAdmin.<init>(BackOfficeAdmin.java:16)
	at employeeacess.BackOffice.startBackOffice(BackOffice.java:58)
	at MainConnection.main(MainConnection.java:33)
2023-08-16 13:31:43 INFO  BackOffice:1783 - Getting integer input...
2023-08-16 13:31:43 INFO  BackOffice:1783 - Getting integer input...
2023-08-16 13:31:45 INFO  BackOffice:1797 - Integer input obtained: 2
2023-08-16 13:31:45 INFO  BackOffice:1797 - Integer input obtained: 2
2023-08-16 13:33:05 INFO  BackOffice:1416 - Starting menuViewCustomer method.
2023-08-16 13:33:05 INFO  BackOffice:1416 - Starting menuViewCustomer method.
2023-08-16 13:33:20 INFO  BackOffice:1478 - User chose to exit. Going back to view menu...
2023-08-16 13:33:20 INFO  BackOffice:1478 - User chose to exit. Going back to view menu...
2023-08-16 13:33:22 INFO  BackOffice:1416 - Starting menuViewCustomer method.
2023-08-16 13:33:22 INFO  BackOffice:1416 - Starting menuViewCustomer method.
2023-08-16 13:33:25 INFO  BackOffice:1478 - User chose to exit. Going back to view menu...
2023-08-16 13:33:25 INFO  BackOffice:1478 - User chose to exit. Going back to view menu...
2023-08-16 13:33:33 INFO  BackOffice:57 - Starting BackOffice for Admin
2023-08-16 13:33:33 INFO  BackOffice:57 - Starting BackOffice for Admin
2023-08-16 13:33:33 INFO  BackOffice:29 - BackOffice initialized for employee: 0
2023-08-16 13:33:33 INFO  BackOffice:29 - BackOffice initialized for employee: 0
2023-08-16 13:33:33 INFO  LogUtil:13 - Admin logged in
2023-08-16 13:33:38 INFO  BackOffice:1416 - Starting menuViewCustomer method.
2023-08-16 13:33:38 INFO  BackOffice:1416 - Starting menuViewCustomer method.
2023-08-16 13:33:44 INFO  BackOffice:1478 - User chose to exit. Going back to view menu...
2023-08-16 13:33:44 INFO  BackOffice:1478 - User chose to exit. Going back to view menu...
2023-08-16 13:33:49 INFO  BackOffice:1783 - Getting integer input...
2023-08-16 13:33:49 INFO  BackOffice:1783 - Getting integer input...
2023-08-16 13:33:52 INFO  BackOffice:1797 - Integer input obtained: 10
2023-08-16 13:33:52 INFO  BackOffice:1797 - Integer input obtained: 10
2023-08-16 13:33:52 INFO  BackOffice:1740 - Displaying list...
2023-08-16 13:33:52 INFO  BackOffice:1740 - Displaying list...
2023-08-16 13:33:52 INFO  BackOffice:1778 - Displaying list completed.
2023-08-16 13:33:52 INFO  BackOffice:1778 - Displaying list completed.
2023-08-16 23:39:57 INFO  BackOffice:56 - Starting BackOffice for Admin
2023-08-16 23:39:57 INFO  BackOffice:56 - Starting BackOffice for Admin
2023-08-16 23:39:57 INFO  BackOffice:28 - BackOffice initialized for employee: 0
2023-08-16 23:39:57 INFO  BackOffice:28 - BackOffice initialized for employee: 0
2023-08-16 23:39:57 INFO  LogUtil:13 - Admin logged in
2023-08-16 23:40:04 INFO  BackOffice:1458 - Starting menuViewCustomer method.
2023-08-16 23:40:04 INFO  BackOffice:1458 - Starting menuViewCustomer method.
2023-08-16 23:40:05 INFO  BackOffice:1488 - User chose to view customers organized by driver license number.
2023-08-16 23:40:05 INFO  BackOffice:1488 - User chose to view customers organized by driver license number.
2023-08-16 23:40:05 INFO  BackOffice:1736 - Viewing customers by license...
2023-08-16 23:40:05 INFO  BackOffice:1736 - Viewing customers by license...
2023-08-16 23:40:06 INFO  BackOffice:1909 - Getting integer input...
2023-08-16 23:40:06 INFO  BackOffice:1909 - Getting integer input...
2023-08-16 23:40:07 WARN  BackOffice:1919 - Invalid value entered. Please enter a number.
2023-08-16 23:40:07 WARN  BackOffice:1919 - Invalid value entered. Please enter a number.
2023-08-16 23:40:08 WARN  BackOffice:1919 - Invalid value entered. Please enter a number.
2023-08-16 23:40:08 WARN  BackOffice:1919 - Invalid value entered. Please enter a number.
2023-08-16 23:40:08 INFO  BackOffice:1923 - Integer input obtained: 2
2023-08-16 23:40:08 INFO  BackOffice:1923 - Integer input obtained: 2
2023-08-16 23:40:08 INFO  BackOffice:1866 - Displaying list...
2023-08-16 23:40:08 INFO  BackOffice:1866 - Displaying list...
2023-08-16 23:40:15 WARN  BackOffice:1900 - Invalid input received.
2023-08-16 23:40:15 WARN  BackOffice:1900 - Invalid input received.
2023-08-16 23:40:17 WARN  BackOffice:1900 - Invalid input received.
2023-08-16 23:40:17 WARN  BackOffice:1900 - Invalid input received.
2023-08-16 23:40:18 WARN  BackOffice:1900 - Invalid input received.
2023-08-16 23:40:18 WARN  BackOffice:1900 - Invalid input received.
2023-08-16 23:40:20 INFO  BackOffice:1866 - Displaying list...
2023-08-16 23:40:20 INFO  BackOffice:1866 - Displaying list...
2023-08-16 23:40:22 INFO  BackOffice:1756 - Viewing customers by license completed.
2023-08-16 23:40:22 INFO  BackOffice:1756 - Viewing customers by license completed.
2023-08-16 23:40:38 INFO  BackOffice:1488 - User chose to view customers organized by driver license number.
2023-08-16 23:40:38 INFO  BackOffice:1488 - User chose to view customers organized by driver license number.
2023-08-16 23:40:38 INFO  BackOffice:1736 - Viewing customers by license...
2023-08-16 23:40:38 INFO  BackOffice:1736 - Viewing customers by license...
2023-08-16 23:40:40 INFO  BackOffice:1909 - Getting integer input...
2023-08-16 23:40:40 INFO  BackOffice:1909 - Getting integer input...
2023-08-16 23:40:46 INFO  BackOffice:1923 - Integer input obtained: 20
2023-08-16 23:40:46 INFO  BackOffice:1923 - Integer input obtained: 20
2023-08-16 23:40:46 INFO  BackOffice:1866 - Displaying list...
2023-08-16 23:40:46 INFO  BackOffice:1866 - Displaying list...
2023-08-16 23:40:49 INFO  BackOffice:1866 - Displaying list...
2023-08-16 23:40:49 INFO  BackOffice:1866 - Displaying list...
2023-08-16 23:40:50 INFO  BackOffice:1866 - Displaying list...
2023-08-16 23:40:50 INFO  BackOffice:1866 - Displaying list...
2023-08-16 23:40:52 INFO  BackOffice:1866 - Displaying list...
2023-08-16 23:40:52 INFO  BackOffice:1866 - Displaying list...
2023-08-16 23:40:54 INFO  BackOffice:1866 - Displaying list...
2023-08-16 23:40:54 INFO  BackOffice:1866 - Displaying list...
2023-08-16 23:40:59 INFO  BackOffice:1904 - Displaying list completed.
2023-08-16 23:40:59 INFO  BackOffice:1904 - Displaying list completed.
2023-08-16 23:40:59 INFO  BackOffice:1866 - Displaying list...
2023-08-16 23:40:59 INFO  BackOffice:1866 - Displaying list...
2023-08-16 23:41:01 INFO  BackOffice:1904 - Displaying list completed.
2023-08-16 23:41:01 INFO  BackOffice:1904 - Displaying list completed.
2023-08-16 23:41:01 INFO  BackOffice:1866 - Displaying list...
2023-08-16 23:41:01 INFO  BackOffice:1866 - Displaying list...
2023-08-16 23:43:08 WARN  BackOffice:1900 - Invalid input received.
2023-08-16 23:43:08 WARN  BackOffice:1900 - Invalid input received.
2023-08-16 23:43:09 WARN  BackOffice:1900 - Invalid input received.
2023-08-16 23:43:09 WARN  BackOffice:1900 - Invalid input received.
2023-08-16 23:43:10 WARN  BackOffice:1900 - Invalid input received.
2023-08-16 23:43:10 WARN  BackOffice:1900 - Invalid input received.
2023-08-16 23:43:10 WARN  BackOffice:1900 - Invalid input received.
2023-08-16 23:43:10 WARN  BackOffice:1900 - Invalid input received.
2023-08-16 23:43:10 WARN  BackOffice:1900 - Invalid input received.
2023-08-16 23:43:10 WARN  BackOffice:1900 - Invalid input received.
2023-08-16 23:43:10 WARN  BackOffice:1900 - Invalid input received.
2023-08-16 23:43:10 WARN  BackOffice:1900 - Invalid input received.
2023-08-16 23:43:10 WARN  BackOffice:1900 - Invalid input received.
2023-08-16 23:43:10 WARN  BackOffice:1900 - Invalid input received.
2023-08-16 23:43:10 WARN  BackOffice:1900 - Invalid input received.
2023-08-16 23:43:10 WARN  BackOffice:1900 - Invalid input received.
2023-08-16 23:43:11 WARN  BackOffice:1900 - Invalid input received.
2023-08-16 23:43:11 WARN  BackOffice:1900 - Invalid input received.
2023-08-16 23:43:11 WARN  BackOffice:1900 - Invalid input received.
2023-08-16 23:43:11 WARN  BackOffice:1900 - Invalid input received.
2023-08-16 23:43:11 WARN  BackOffice:1900 - Invalid input received.
2023-08-16 23:43:11 WARN  BackOffice:1900 - Invalid input received.
2023-08-16 23:43:11 WARN  BackOffice:1900 - Invalid input received.
2023-08-16 23:43:11 WARN  BackOffice:1900 - Invalid input received.
2023-08-16 23:43:11 WARN  BackOffice:1900 - Invalid input received.
2023-08-16 23:43:11 WARN  BackOffice:1900 - Invalid input received.
2023-08-16 23:43:11 WARN  BackOffice:1900 - Invalid input received.
2023-08-16 23:43:11 WARN  BackOffice:1900 - Invalid input received.
2023-08-16 23:43:12 WARN  BackOffice:1900 - Invalid input received.
2023-08-16 23:43:12 WARN  BackOffice:1900 - Invalid input received.
2023-08-16 23:43:12 WARN  BackOffice:1900 - Invalid input received.
2023-08-16 23:43:12 WARN  BackOffice:1900 - Invalid input received.
2023-08-16 23:43:12 WARN  BackOffice:1900 - Invalid input received.
2023-08-16 23:43:12 WARN  BackOffice:1900 - Invalid input received.
2023-08-16 23:43:13 WARN  BackOffice:1900 - Invalid input received.
2023-08-16 23:43:13 WARN  BackOffice:1900 - Invalid input received.
2023-08-16 23:43:13 WARN  BackOffice:1900 - Invalid input received.
2023-08-16 23:43:13 WARN  BackOffice:1900 - Invalid input received.
2023-08-16 23:43:13 WARN  BackOffice:1900 - Invalid input received.
2023-08-16 23:43:13 WARN  BackOffice:1900 - Invalid input received.
2023-08-16 23:43:13 WARN  BackOffice:1900 - Invalid input received.
2023-08-16 23:43:13 WARN  BackOffice:1900 - Invalid input received.
2023-08-16 23:43:13 WARN  BackOffice:1900 - Invalid input received.
2023-08-16 23:43:13 WARN  BackOffice:1900 - Invalid input received.
2023-08-16 23:43:14 WARN  BackOffice:1900 - Invalid input received.
2023-08-16 23:43:14 WARN  BackOffice:1900 - Invalid input received.
2023-08-16 23:43:14 WARN  BackOffice:1900 - Invalid input received.
2023-08-16 23:43:14 WARN  BackOffice:1900 - Invalid input received.
2023-08-16 23:43:14 WARN  BackOffice:1900 - Invalid input received.
2023-08-16 23:43:14 WARN  BackOffice:1900 - Invalid input received.
2023-08-16 23:43:14 INFO  BackOffice:1866 - Displaying list...
2023-08-16 23:43:14 INFO  BackOffice:1866 - Displaying list...
2023-08-16 23:43:15 WARN  BackOffice:1900 - Invalid input received.
2023-08-16 23:43:15 WARN  BackOffice:1900 - Invalid input received.
2023-08-16 23:43:15 INFO  BackOffice:1866 - Displaying list...
2023-08-16 23:43:15 INFO  BackOffice:1866 - Displaying list...
2023-08-16 23:43:16 INFO  BackOffice:1866 - Displaying list...
2023-08-16 23:43:16 INFO  BackOffice:1866 - Displaying list...
2023-08-16 23:43:16 INFO  BackOffice:1866 - Displaying list...
2023-08-16 23:43:16 INFO  BackOffice:1866 - Displaying list...
2023-08-16 23:43:16 INFO  BackOffice:1866 - Displaying list...
2023-08-16 23:43:16 INFO  BackOffice:1866 - Displaying list...
2023-08-16 23:43:16 INFO  BackOffice:1866 - Displaying list...
2023-08-16 23:43:16 INFO  BackOffice:1866 - Displaying list...
2023-08-16 23:43:16 INFO  BackOffice:1866 - Displaying list...
2023-08-16 23:43:16 INFO  BackOffice:1866 - Displaying list...
2023-08-16 23:43:17 INFO  BackOffice:1866 - Displaying list...
2023-08-16 23:43:17 INFO  BackOffice:1866 - Displaying list...
2023-08-16 23:43:17 WARN  BackOffice:1900 - Invalid input received.
2023-08-16 23:43:17 WARN  BackOffice:1900 - Invalid input received.
2023-08-16 23:43:17 WARN  BackOffice:1900 - Invalid input received.
2023-08-16 23:43:17 WARN  BackOffice:1900 - Invalid input received.
2023-08-16 23:43:17 INFO  BackOffice:1866 - Displaying list...
2023-08-16 23:43:17 INFO  BackOffice:1866 - Displaying list...
2023-08-16 23:43:18 WARN  BackOffice:1900 - Invalid input received.
2023-08-16 23:43:18 WARN  BackOffice:1900 - Invalid input received.
2023-08-16 23:43:18 INFO  BackOffice:1866 - Displaying list...
2023-08-16 23:43:18 INFO  BackOffice:1866 - Displaying list...
2023-08-16 23:43:18 INFO  BackOffice:1866 - Displaying list...
2023-08-16 23:43:18 INFO  BackOffice:1866 - Displaying list...
2023-08-16 23:43:18 INFO  BackOffice:1866 - Displaying list...
2023-08-16 23:43:18 INFO  BackOffice:1866 - Displaying list...
2023-08-16 23:43:18 WARN  BackOffice:1900 - Invalid input received.
2023-08-16 23:43:18 WARN  BackOffice:1900 - Invalid input received.
2023-08-16 23:43:19 INFO  BackOffice:1866 - Displaying list...
2023-08-16 23:43:19 INFO  BackOffice:1866 - Displaying list...
2023-08-16 23:43:19 INFO  BackOffice:1756 - Viewing customers by license completed.
2023-08-16 23:43:19 INFO  BackOffice:1756 - Viewing customers by license completed.
2023-08-16 23:43:36 INFO  BackOffice:56 - Starting BackOffice for Admin
2023-08-16 23:43:36 INFO  BackOffice:56 - Starting BackOffice for Admin
2023-08-16 23:43:36 INFO  BackOffice:28 - BackOffice initialized for employee: 0
2023-08-16 23:43:36 INFO  BackOffice:28 - BackOffice initialized for employee: 0
2023-08-16 23:43:36 INFO  LogUtil:13 - Admin logged in
2023-08-16 23:57:13 INFO  BackOffice:56 - Starting BackOffice for Admin
2023-08-16 23:57:13 INFO  BackOffice:56 - Starting BackOffice for Admin
2023-08-16 23:57:13 INFO  BackOffice:28 - BackOffice initialized for employee: 0
2023-08-16 23:57:13 INFO  BackOffice:28 - BackOffice initialized for employee: 0
2023-08-16 23:57:13 INFO  LogUtil:13 - Admin logged in
2023-08-16 23:57:17 INFO  BackOffice:1458 - Starting menuViewCustomer method.
2023-08-16 23:57:17 INFO  BackOffice:1458 - Starting menuViewCustomer method.
2023-08-16 23:57:19 INFO  BackOffice:1488 - User chose to view customers organized by driver license number.
2023-08-16 23:57:19 INFO  BackOffice:1488 - User chose to view customers organized by driver license number.
2023-08-16 23:57:19 INFO  BackOffice:1734 - Viewing customers by license...
2023-08-16 23:57:19 INFO  BackOffice:1734 - Viewing customers by license...
2023-08-16 23:57:21 INFO  BackOffice:1905 - Getting integer input...
2023-08-16 23:57:21 INFO  BackOffice:1905 - Getting integer input...
2023-08-16 23:57:23 INFO  BackOffice:1919 - Integer input obtained: 20
2023-08-16 23:57:23 INFO  BackOffice:1919 - Integer input obtained: 20
2023-08-16 23:57:23 INFO  BackOffice:1862 - Displaying list...
2023-08-16 23:57:23 INFO  BackOffice:1862 - Displaying list...
2023-08-16 23:57:26 INFO  BackOffice:1900 - Displaying list completed.
2023-08-16 23:57:26 INFO  BackOffice:1900 - Displaying list completed.
2023-08-16 23:57:26 INFO  BackOffice:1752 - Viewing customers by license completed.
2023-08-16 23:57:26 INFO  BackOffice:1752 - Viewing customers by license completed.
2023-08-16 23:57:29 INFO  BackOffice:1492 - User chose to view customers organized by NIF.
2023-08-16 23:57:29 INFO  BackOffice:1492 - User chose to view customers organized by NIF.
2023-08-16 23:57:29 INFO  BackOffice:1710 - Viewing customers by NIF...
2023-08-16 23:57:29 INFO  BackOffice:1710 - Viewing customers by NIF...
2023-08-16 23:57:30 INFO  BackOffice:1905 - Getting integer input...
2023-08-16 23:57:30 INFO  BackOffice:1905 - Getting integer input...
2023-08-16 23:57:33 INFO  BackOffice:1919 - Integer input obtained: 20
2023-08-16 23:57:33 INFO  BackOffice:1919 - Integer input obtained: 20
2023-08-16 23:57:33 INFO  BackOffice:1862 - Displaying list...
2023-08-16 23:57:33 INFO  BackOffice:1862 - Displaying list...
2023-08-16 23:57:36 INFO  BackOffice:1900 - Displaying list completed.
2023-08-16 23:57:36 INFO  BackOffice:1900 - Displaying list completed.
2023-08-16 23:57:36 INFO  BackOffice:1730 - Viewing customers by NIF completed.
2023-08-16 23:57:36 INFO  BackOffice:1730 - Viewing customers by NIF completed.
2023-08-16 23:58:45 INFO  BackOffice:1496 - User chose to view customers organized by expiration date.
2023-08-16 23:58:45 INFO  BackOffice:1496 - User chose to view customers organized by expiration date.
2023-08-16 23:58:45 INFO  BackOffice:1678 - Viewing customers by expiry date...
2023-08-16 23:58:45 INFO  BackOffice:1678 - Viewing customers by expiry date...
2023-08-16 23:58:46 INFO  BackOffice:1905 - Getting integer input...
2023-08-16 23:58:46 INFO  BackOffice:1905 - Getting integer input...
2023-08-16 23:58:48 INFO  BackOffice:1919 - Integer input obtained: 20
2023-08-16 23:58:48 INFO  BackOffice:1919 - Integer input obtained: 20
2023-08-16 23:58:48 INFO  BackOffice:1905 - Getting integer input...
2023-08-16 23:58:48 INFO  BackOffice:1905 - Getting integer input...
2023-08-16 23:58:49 INFO  BackOffice:1919 - Integer input obtained: 1
2023-08-16 23:58:49 INFO  BackOffice:1919 - Integer input obtained: 1
2023-08-16 23:58:49 INFO  BackOffice:1862 - Displaying list...
2023-08-16 23:58:49 INFO  BackOffice:1862 - Displaying list...
2023-08-16 23:58:53 INFO  BackOffice:1900 - Displaying list completed.
2023-08-16 23:58:53 INFO  BackOffice:1900 - Displaying list completed.
2023-08-16 23:58:53 INFO  BackOffice:1706 - Viewing customers by expiry date completed.
2023-08-16 23:58:53 INFO  BackOffice:1706 - Viewing customers by expiry date completed.
2023-08-16 23:58:57 INFO  BackOffice:1496 - User chose to view customers organized by expiration date.
2023-08-16 23:58:57 INFO  BackOffice:1496 - User chose to view customers organized by expiration date.
2023-08-16 23:58:57 INFO  BackOffice:1678 - Viewing customers by expiry date...
2023-08-16 23:58:57 INFO  BackOffice:1678 - Viewing customers by expiry date...
2023-08-16 23:58:58 INFO  BackOffice:1905 - Getting integer input...
2023-08-16 23:58:58 INFO  BackOffice:1905 - Getting integer input...
2023-08-16 23:58:59 INFO  BackOffice:1919 - Integer input obtained: 20
2023-08-16 23:58:59 INFO  BackOffice:1919 - Integer input obtained: 20
2023-08-16 23:58:59 INFO  BackOffice:1905 - Getting integer input...
2023-08-16 23:58:59 INFO  BackOffice:1905 - Getting integer input...
2023-08-16 23:59:00 INFO  BackOffice:1919 - Integer input obtained: 2
2023-08-16 23:59:00 INFO  BackOffice:1919 - Integer input obtained: 2
2023-08-16 23:59:00 INFO  BackOffice:1862 - Displaying list...
2023-08-16 23:59:00 INFO  BackOffice:1862 - Displaying list...
2023-08-16 23:59:03 INFO  BackOffice:1900 - Displaying list completed.
2023-08-16 23:59:03 INFO  BackOffice:1900 - Displaying list completed.
2023-08-16 23:59:03 INFO  BackOffice:1706 - Viewing customers by expiry date completed.
2023-08-16 23:59:03 INFO  BackOffice:1706 - Viewing customers by expiry date completed.
2023-08-16 23:59:08 INFO  BackOffice:1504 - User chose to view customer of a specific plate.
2023-08-16 23:59:08 INFO  BackOffice:1504 - User chose to view customer of a specific plate.
2023-08-16 23:59:08 INFO  BackOffice:1614 - Starting viewSpecificCustomerByPlate method.
2023-08-16 23:59:08 INFO  BackOffice:1614 - Starting viewSpecificCustomerByPlate method.
2023-08-16 23:59:12 ERROR BackOffice:195 - Invalid plate: AAS-LO-09
2023-08-16 23:59:12 ERROR BackOffice:195 - Invalid plate: AAS-LO-09
2023-08-16 23:59:20 INFO  BackOffice:1640 - Exiting viewSpecificCustomerByPlate method.
2023-08-16 23:59:20 INFO  BackOffice:1640 - Exiting viewSpecificCustomerByPlate method.
2023-08-17 00:00:16 INFO  BackOffice:1520 - User chose to exit. Going back to view menu...
2023-08-17 00:00:16 INFO  BackOffice:1520 - User chose to exit. Going back to view menu...
2023-08-17 00:00:19 INFO  BackOffice:1905 - Getting integer input...
2023-08-17 00:00:19 INFO  BackOffice:1905 - Getting integer input...
2023-08-17 00:00:20 INFO  BackOffice:1919 - Integer input obtained: 20
2023-08-17 00:00:20 INFO  BackOffice:1919 - Integer input obtained: 20
2023-08-17 00:00:20 INFO  BackOffice:1862 - Displaying list...
2023-08-17 00:00:20 INFO  BackOffice:1862 - Displaying list...
2023-08-17 00:00:20 INFO  BackOffice:1900 - Displaying list completed.
2023-08-17 00:00:20 INFO  BackOffice:1900 - Displaying list completed.
2023-08-17 00:00:25 INFO  BackOffice:772 - Starting menuViewVehicle method.
2023-08-17 00:00:25 INFO  BackOffice:772 - Starting menuViewVehicle method.
2023-08-17 00:00:25 INFO  BackOffice:777 - Displaying VIEW VEHICLE MENU.
2023-08-17 00:00:25 INFO  BackOffice:777 - Displaying VIEW VEHICLE MENU.
2023-08-17 00:00:39 INFO  BackOffice:800 - User chose to view vehicles organized by plate.
2023-08-17 00:00:39 INFO  BackOffice:800 - User chose to view vehicles organized by plate.
2023-08-17 00:00:39 INFO  BackOffice:971 - Starting viewVehicleByPlate method.
2023-08-17 00:00:39 INFO  BackOffice:971 - Starting viewVehicleByPlate method.
2023-08-17 00:00:40 INFO  BackOffice:1905 - Getting integer input...
2023-08-17 00:00:40 INFO  BackOffice:1905 - Getting integer input...
2023-08-17 00:00:42 INFO  BackOffice:1919 - Integer input obtained: 20
2023-08-17 00:00:42 INFO  BackOffice:1919 - Integer input obtained: 20
2023-08-17 00:00:42 INFO  BackOffice:1862 - Displaying list...
2023-08-17 00:00:42 INFO  BackOffice:1862 - Displaying list...
2023-08-17 00:00:46 INFO  BackOffice:1900 - Displaying list completed.
2023-08-17 00:00:46 INFO  BackOffice:1900 - Displaying list completed.
2023-08-17 00:00:46 INFO  BackOffice:987 - Exiting viewVehicleByPlate method.
2023-08-17 00:00:46 INFO  BackOffice:987 - Exiting viewVehicleByPlate method.
2023-08-17 00:00:46 INFO  BackOffice:777 - Displaying VIEW VEHICLE MENU.
2023-08-17 00:00:46 INFO  BackOffice:777 - Displaying VIEW VEHICLE MENU.
2023-08-17 00:00:47 INFO  BackOffice:824 - User chose to exit VIEW VEHICLE MENU.
2023-08-17 00:00:47 INFO  BackOffice:824 - User chose to exit VIEW VEHICLE MENU.
2023-08-17 00:01:54 INFO  BackOffice:299 - Starting insertCustomer method.
2023-08-17 00:01:54 INFO  BackOffice:299 - Starting insertCustomer method.
2023-08-17 00:02:35 ERROR BackOffice:1961 - Invalid amount: As1_0@a
2023-08-17 00:02:35 ERROR BackOffice:1961 - Invalid amount: As1_0@a
2023-08-17 00:03:08 ERROR BackOffice:1961 - Invalid amount: As1_2@S
2023-08-17 00:03:08 ERROR BackOffice:1961 - Invalid amount: As1_2@S
2023-08-17 00:04:18 ERROR BackOffice:1961 - Invalid amount: As1_0@a
2023-08-17 00:04:18 ERROR BackOffice:1961 - Invalid amount: As1_0@a
2023-08-17 00:04:25 ERROR BackOffice:1961 - Invalid amount: As1^0@a
2023-08-17 00:04:25 ERROR BackOffice:1961 - Invalid amount: As1^0@a
2023-08-17 00:05:02 ERROR BackOffice:1961 - Invalid amount: As2@?Fd2
2023-08-17 00:05:02 ERROR BackOffice:1961 - Invalid amount: As2@?Fd2
2023-08-17 00:05:39 ERROR BackOffice:1961 - Invalid amount: P@ssw0rd!
2023-08-17 00:05:39 ERROR BackOffice:1961 - Invalid amount: P@ssw0rd!
2023-08-17 00:06:05 ERROR BackOffice:1961 - Invalid amount: 0
2023-08-17 00:06:05 ERROR BackOffice:1961 - Invalid amount: 0
2023-08-17 00:06:18 INFO  BackOffice:56 - Starting BackOffice for Admin
2023-08-17 00:06:18 INFO  BackOffice:56 - Starting BackOffice for Admin
2023-08-17 00:06:18 INFO  BackOffice:28 - BackOffice initialized for employee: 0
2023-08-17 00:06:18 INFO  BackOffice:28 - BackOffice initialized for employee: 0
2023-08-17 00:06:18 INFO  LogUtil:13 - Admin logged in
2023-08-17 00:06:21 INFO  BackOffice:299 - Starting insertCustomer method.
2023-08-17 00:06:21 INFO  BackOffice:299 - Starting insertCustomer method.
2023-08-17 00:06:27 ERROR BackOffice:139 - Invalid NIF: 27093211
2023-08-17 00:06:27 ERROR BackOffice:139 - Invalid NIF: 27093211
2023-08-17 00:07:13 ERROR BackOffice:158 - Invalid driver license number: 1234567892
2023-08-17 00:07:13 ERROR BackOffice:158 - Invalid driver license number: 1234567892
2023-08-17 00:07:32 INFO  BackOffice:1904 - Getting integer input...
2023-08-17 00:07:32 INFO  BackOffice:1904 - Getting integer input...
2023-08-17 00:07:34 INFO  BackOffice:1918 - Integer input obtained: 2
2023-08-17 00:07:34 INFO  BackOffice:1918 - Integer input obtained: 2
2023-08-17 00:07:51 INFO  BackOffice:337 - Employee insertion completed.
2023-08-17 00:07:51 INFO  BackOffice:337 - Employee insertion completed.
2023-08-17 00:14:50 INFO  BackOffice:1756 - Starting menuUpdateCustomer method.
2023-08-17 00:14:50 INFO  BackOffice:1756 - Starting menuUpdateCustomer method.
2023-08-17 00:15:32 INFO  BackOffice:1781 - Employee choose to renew customer's driver license.
2023-08-17 00:15:32 INFO  BackOffice:1781 - Employee choose to renew customer's driver license.
2023-08-17 00:15:32 INFO  BackOffice:1841 - Renewing customer driver's license...
2023-08-17 00:15:32 INFO  BackOffice:1841 - Renewing customer driver's license...
2023-08-17 00:16:05 INFO  BackOffice:1855 - Customer driver license renewed.
2023-08-17 00:16:05 INFO  BackOffice:1855 - Customer driver license renewed.
2023-08-17 00:16:13 INFO  BackOffice:1794 - User chose to exit. Going back to view menu...
2023-08-17 00:16:13 INFO  BackOffice:1794 - User chose to exit. Going back to view menu...
2023-08-17 00:30:35 INFO  BackOffice:53 - Starting BackOffice for Employee level 0
2023-08-17 00:30:35 INFO  BackOffice:53 - Starting BackOffice for Employee level 0
2023-08-17 00:30:35 INFO  BackOffice:33 - BackOffice initialized for employee: 0
2023-08-17 00:30:35 INFO  BackOffice:33 - BackOffice initialized for employee: 0
2023-08-17 00:36:16 INFO  BackOffice:48 - Starting BackOffice for Employee level 0
2023-08-17 00:36:16 INFO  BackOffice:48 - Starting BackOffice for Employee level 0
2023-08-17 00:36:16 INFO  BackOffice:28 - BackOffice initialized for employee: 0
2023-08-17 00:36:16 INFO  BackOffice:28 - BackOffice initialized for employee: 0
